2015-8-10 17:38:11 org.eclipse.birt.report.model.css.StyleSheetLoader semanticWarning
警告: The value "0" of short-hand property "margin" is invalid for CSS2 grammar.
2015-8-10 17:38:11 org.eclipse.birt.report.model.css.StyleSheetLoader semanticWarning
警告: The value "left" for CSS2 property "float" is not supported.
2015-8-10 17:38:11 org.eclipse.birt.report.model.css.StyleSheetLoader semanticWarning
警告: The value "left" for CSS2 property "float" is not supported.
2015-8-10 17:38:12 org.eclipse.birt.report.model.css.StyleSheetLoader semanticWarning
警告: The value "0" of short-hand property "margin" is invalid for CSS2 grammar.
2015-8-10 17:38:12 org.eclipse.birt.report.model.css.StyleSheetLoader semanticWarning
警告: The value "left" for CSS2 property "float" is not supported.
2015-8-10 17:38:12 org.eclipse.birt.report.model.css.StyleSheetLoader semanticWarning
警告: The value "left" for CSS2 property "float" is not supported.
2015-8-10 17:38:18 org.eclipse.birt.report.engine.script.internal.ScriptExecutor addException
警告: There are errors evaluating script "count++;
        if(count % 10 == 0){
                style.pageBreakAfter = "always";
        }":
ReferenceError: "count" is not defined. (/report/body/table[@id="46"]/header/row[@id="47"]/cell[@id="48"]/label[@id="49"]/method[@name="onCreate"]#1)
org.eclipse.birt.report.engine.api.EngineException: There are errors evaluating script "count++;
        if(count % 10 == 0){
                style.pageBreakAfter = "always";
        }":
ReferenceError: "count" is not defined. (/report/body/table[@id="46"]/header/row[@id="47"]/cell[@id="48"]/label[@id="49"]/method[@name="onCreate"]#1)
	at org.eclipse.birt.report.engine.script.internal.ScriptExecutor.addException(ScriptExecutor.java:244)
	at org.eclipse.birt.report.engine.script.internal.LabelScriptExecutor.handleOnCreate(LabelScriptExecutor.java:65)
	at org.eclipse.birt.report.engine.script.internal.OnCreateScriptVisitor.visitLabelItem(OnCreateScriptVisitor.java:131)
	at org.eclipse.birt.report.engine.ir.LabelItemDesign.accept(LabelItemDesign.java:46)
	at org.eclipse.birt.report.engine.script.internal.OnCreateScriptVisitor.onCreate(OnCreateScriptVisitor.java:73)
	at org.eclipse.birt.report.engine.executor.ReportItemExecutor.handleOnCreate(ReportItemExecutor.java:911)
	at org.eclipse.birt.report.engine.executor.LabelItemExecutor.execute(LabelItemExecutor.java:71)
	at org.eclipse.birt.report.engine.internal.executor.wrap.WrappedReportItemExecutor.execute(WrappedReportItemExecutor.java:46)
	at org.eclipse.birt.report.engine.internal.executor.emitter.ReportItemEmitterExecutor.execute(ReportItemEmitterExecutor.java:46)
	at org.eclipse.birt.report.engine.internal.executor.dup.SuppressDuplicateItemExecutor.execute(SuppressDuplicateItemExecutor.java:43)
	at org.eclipse.birt.report.engine.internal.executor.wrap.WrappedReportItemExecutor.execute(WrappedReportItemExecutor.java:46)
	at org.eclipse.birt.report.engine.internal.executor.l18n.LocalizedReportItemExecutor.execute(LocalizedReportItemExecutor.java:34)
	at org.eclipse.birt.report.engine.layout.html.HTMLAbstractLM.execute(HTMLAbstractLM.java:468)
	at org.eclipse.birt.report.engine.layout.html.HTMLAbstractLM.execute(HTMLAbstractLM.java:476)
	at org.eclipse.birt.report.engine.layout.html.HTMLAbstractLM.execute(HTMLAbstractLM.java:476)
	at org.eclipse.birt.report.engine.layout.html.HTMLListingBandLM.intializeHeaderContent(HTMLListingBandLM.java:98)
	at org.eclipse.birt.report.engine.layout.html.HTMLListingBandLM.initialize(HTMLListingBandLM.java:50)
	at org.eclipse.birt.report.engine.layout.html.HTMLTableBandLM.initialize(HTMLTableBandLM.java:44)
	at org.eclipse.birt.report.engine.layout.html.HTMLLayoutManagerFactory.createLayoutManager(HTMLLayoutManagerFactory.java:40)
	at org.eclipse.birt.report.engine.layout.html.HTMLReportLayoutEngine.createLayoutManager(HTMLReportLayoutEngine.java:138)
	at org.eclipse.birt.report.engine.layout.html.HTMLBlockStackingLM.layoutNodes(HTMLBlockStackingLM.java:68)
	at org.eclipse.birt.report.engine.layout.html.HTMLStackingLM.layoutChildren(HTMLStackingLM.java:26)
	at org.eclipse.birt.report.engine.layout.html.HTMLTableLM.layoutChildren(HTMLTableLM.java:132)
	at org.eclipse.birt.report.engine.layout.html.HTMLAbstractLM.layout(HTMLAbstractLM.java:140)
	at org.eclipse.birt.report.engine.layout.html.HTMLBlockStackingLM.layoutNodes(HTMLBlockStackingLM.java:70)
	at org.eclipse.birt.report.engine.layout.html.HTMLPageLM.layout(HTMLPageLM.java:92)
	at org.eclipse.birt.report.engine.layout.html.HTMLReportLayoutEngine.layout(HTMLReportLayoutEngine.java:100)
	at org.eclipse.birt.report.engine.presentation.ReportDocumentBuilder.build(ReportDocumentBuilder.java:249)
	at org.eclipse.birt.report.engine.api.impl.RunTask.doRun(RunTask.java:262)
	at org.eclipse.birt.report.engine.api.impl.RunTask.run(RunTask.java:86)
	at org.eclipse.birt.report.service.ReportEngineService.runReport(ReportEngineService.java:1317)
	at org.eclipse.birt.report.service.BirtViewerReportService.runReport(BirtViewerReportService.java:158)
	at org.eclipse.birt.report.service.actionhandler.BirtRunReportActionHandler.__execute(BirtRunReportActionHandler.java:81)
	at org.eclipse.birt.report.service.actionhandler.BirtGetPageActionHandler.__checkDocumentExists(BirtGetPageActionHandler.java:58)
	at org.eclipse.birt.report.service.actionhandler.AbstractGetPageActionHandler.prepareParameters(AbstractGetPageActionHandler.java:119)
	at org.eclipse.birt.report.service.actionhandler.AbstractGetPageActionHandler.__execute(AbstractGetPageActionHandler.java:104)
	at org.eclipse.birt.report.service.actionhandler.AbstractBaseActionHandler.execute(AbstractBaseActionHandler.java:90)
	at org.eclipse.birt.report.soapengine.processor.AbstractBaseDocumentProcessor.__executeAction(AbstractBaseDocumentProcessor.java:47)
	at org.eclipse.birt.report.soapengine.processor.AbstractBaseComponentProcessor.executeAction(AbstractBaseComponentProcessor.java:143)
	at org.eclipse.birt.report.soapengine.processor.BirtDocumentProcessor.handleGetPage(BirtDocumentProcessor.java:87)
	at sun.reflect.NativeMethodAccessorImpl.invoke0(Native Method)
	at sun.reflect.NativeMethodAccessorImpl.invoke(NativeMethodAccessorImpl.java:39)
	at sun.reflect.DelegatingMethodAccessorImpl.invoke(DelegatingMethodAccessorImpl.java:25)
	at java.lang.reflect.Method.invoke(Method.java:597)
	at org.eclipse.birt.report.soapengine.processor.AbstractBaseComponentProcessor.process(AbstractBaseComponentProcessor.java:112)
	at org.eclipse.birt.report.soapengine.endpoint.BirtSoapBindingImpl.getUpdatedObjects(BirtSoapBindingImpl.java:66)
	at sun.reflect.NativeMethodAccessorImpl.invoke0(Native Method)
	at sun.reflect.NativeMethodAccessorImpl.invoke(NativeMethodAccessorImpl.java:39)
	at sun.reflect.DelegatingMethodAccessorImpl.invoke(DelegatingMethodAccessorImpl.java:25)
	at java.lang.reflect.Method.invoke(Method.java:597)
	at org.apache.axis.providers.java.RPCProvider.invokeMethod(RPCProvider.java:397)
	at org.apache.axis.providers.java.RPCProvider.processMessage(RPCProvider.java:186)
	at org.apache.axis.providers.java.JavaProvider.invoke(JavaProvider.java:323)
	at org.apache.axis.strategies.InvocationStrategy.visit(InvocationStrategy.java:32)
	at org.apache.axis.SimpleChain.doVisiting(SimpleChain.java:118)
	at org.apache.axis.SimpleChain.invoke(SimpleChain.java:83)
	at org.apache.axis.handlers.soap.SOAPService.invoke(SOAPService.java:454)
	at org.apache.axis.server.AxisServer.invoke(AxisServer.java:281)
	at org.apache.axis.transport.http.AxisServlet.doPost(AxisServlet.java:699)
	at org.eclipse.birt.report.servlet.BirtSoapMessageDispatcherServlet.doPost(BirtSoapMessageDispatcherServlet.java:265)
	at javax.servlet.http.HttpServlet.service(HttpServlet.java:710)
	at org.apache.axis.transport.http.AxisServletBase.service(AxisServletBase.java:327)
	at javax.servlet.http.HttpServlet.service(HttpServlet.java:803)
	at org.eclipse.birt.report.servlet.BirtSoapMessageDispatcherServlet.service(BirtSoapMessageDispatcherServlet.java:122)
	at org.apache.catalina.core.ApplicationFilterChain.internalDoFilter(ApplicationFilterChain.java:290)
	at org.apache.catalina.core.ApplicationFilterChain.doFilter(ApplicationFilterChain.java:206)
	at org.eclipse.birt.report.filter.ViewerFilter.doFilter(ViewerFilter.java:68)
	at org.apache.catalina.core.ApplicationFilterChain.internalDoFilter(ApplicationFilterChain.java:235)
	at org.apache.catalina.core.ApplicationFilterChain.doFilter(ApplicationFilterChain.java:206)
	at org.springframework.orm.hibernate3.support.OpenSessionInViewFilter.doFilterInternal(OpenSessionInViewFilter.java:198)
	at org.springframework.web.filter.OncePerRequestFilter.doFilter(OncePerRequestFilter.java:76)
	at org.apache.catalina.core.ApplicationFilterChain.internalDoFilter(ApplicationFilterChain.java:235)
	at org.apache.catalina.core.ApplicationFilterChain.doFilter(ApplicationFilterChain.java:206)
	at org.apache.shiro.web.servlet.ProxiedFilterChain.doFilter(ProxiedFilterChain.java:61)
	at org.apache.shiro.web.servlet.AdviceFilter.executeChain(AdviceFilter.java:108)
	at org.apache.shiro.web.servlet.AdviceFilter.doFilterInternal(AdviceFilter.java:137)
	at org.apache.shiro.web.servlet.OncePerRequestFilter.doFilter(OncePerRequestFilter.java:125)
	at org.apache.shiro.web.servlet.ProxiedFilterChain.doFilter(ProxiedFilterChain.java:66)
	at org.apache.shiro.web.servlet.AbstractShiroFilter.executeChain(AbstractShiroFilter.java:449)
	at org.apache.shiro.web.servlet.AbstractShiroFilter$1.call(AbstractShiroFilter.java:365)
	at org.apache.shiro.subject.support.SubjectCallable.doCall(SubjectCallable.java:90)
	at org.apache.shiro.subject.support.SubjectCallable.call(SubjectCallable.java:83)
	at org.apache.shiro.subject.support.DelegatingSubject.execute(DelegatingSubject.java:383)
	at org.apache.shiro.web.servlet.AbstractShiroFilter.doFilterInternal(AbstractShiroFilter.java:362)
	at org.apache.shiro.web.servlet.OncePerRequestFilter.doFilter(OncePerRequestFilter.java:125)
	at org.springframework.web.filter.DelegatingFilterProxy.invokeDelegate(DelegatingFilterProxy.java:346)
	at org.springframework.web.filter.DelegatingFilterProxy.doFilter(DelegatingFilterProxy.java:259)
	at org.apache.catalina.core.ApplicationFilterChain.internalDoFilter(ApplicationFilterChain.java:235)
	at org.apache.catalina.core.ApplicationFilterChain.doFilter(ApplicationFilterChain.java:206)
	at org.springframework.web.filter.CharacterEncodingFilter.doFilterInternal(CharacterEncodingFilter.java:88)
	at org.springframework.web.filter.OncePerRequestFilter.doFilter(OncePerRequestFilter.java:76)
	at org.apache.catalina.core.ApplicationFilterChain.internalDoFilter(ApplicationFilterChain.java:235)
	at org.apache.catalina.core.ApplicationFilterChain.doFilter(ApplicationFilterChain.java:206)
	at org.apache.catalina.core.StandardWrapperValve.invoke(StandardWrapperValve.java:228)
	at org.apache.catalina.core.StandardContextValve.invoke(StandardContextValve.java:175)
	at org.apache.catalina.core.StandardHostValve.invoke(StandardHostValve.java:128)
	at org.apache.catalina.valves.ErrorReportValve.invoke(ErrorReportValve.java:104)
	at org.apache.catalina.core.StandardEngineValve.invoke(StandardEngineValve.java:109)
	at org.apache.catalina.connector.CoyoteAdapter.service(CoyoteAdapter.java:216)
	at org.apache.coyote.http11.Http11Processor.process(Http11Processor.java:844)
	at org.apache.coyote.http11.Http11Protocol$Http11ConnectionHandler.process(Http11Protocol.java:634)
	at org.apache.tomcat.util.net.JIoEndpoint$Worker.run(JIoEndpoint.java:445)
	at java.lang.Thread.run(Thread.java:619)
Caused by: org.eclipse.birt.core.exception.CoreException: There are errors evaluating script "count++;
        if(count % 10 == 0){
                style.pageBreakAfter = "always";
        }":
ReferenceError: "count" is not defined. (/report/body/table[@id="46"]/header/row[@id="47"]/cell[@id="48"]/label[@id="49"]/method[@name="onCreate"]#1)
	at org.eclipse.birt.report.engine.javascript.JavascriptEngine.evaluate(JavascriptEngine.java:295)
	at org.eclipse.birt.core.script.ScriptContext.evaluate(ScriptContext.java:154)
	at org.eclipse.birt.report.engine.executor.ExecutionContext.evaluate(ExecutionContext.java:781)
	at org.eclipse.birt.report.engine.executor.ExecutionContext.evaluate(ExecutionContext.java:710)
	at org.eclipse.birt.report.engine.script.internal.ScriptExecutor.handleScriptInternal(ScriptExecutor.java:117)
	at org.eclipse.birt.report.engine.script.internal.ScriptExecutor.handleScript(ScriptExecutor.java:104)
	at org.eclipse.birt.report.engine.script.internal.LabelScriptExecutor.handleOnCreate(LabelScriptExecutor.java:56)
	... 101 more
Caused by: org.mozilla.javascript.EcmaError: ReferenceError: "count" is not defined. (/report/body/table[@id="46"]/header/row[@id="47"]/cell[@id="48"]/label[@id="49"]/method[@name="onCreate"]#1)
	at org.mozilla.javascript.ScriptRuntime.constructError(ScriptRuntime.java:3654)
	at org.mozilla.javascript.ScriptRuntime.constructError(ScriptRuntime.java:3632)
	at org.mozilla.javascript.ScriptRuntime.notFoundError(ScriptRuntime.java:3717)
	at org.mozilla.javascript.ScriptRuntime.nameIncrDecr(ScriptRuntime.java:2610)
	at org.mozilla.javascript.gen.c8._c0(/report/body/table[@id="46"]/header/row[@id="47"]/cell[@id="48"]/label[@id="49"]/method[@name="onCreate"]:1)
	at org.mozilla.javascript.gen.c8.call(/report/body/table[@id="46"]/header/row[@id="47"]/cell[@id="48"]/label[@id="49"]/method[@name="onCreate"])
	at org.mozilla.javascript.ContextFactory.doTopCall(ContextFactory.java:398)
	at org.mozilla.javascript.ScriptRuntime.doTopCall(ScriptRuntime.java:3065)
	at org.mozilla.javascript.gen.c8.call(/report/body/table[@id="46"]/header/row[@id="47"]/cell[@id="48"]/label[@id="49"]/method[@name="onCreate"])
	at org.mozilla.javascript.gen.c8.exec(/report/body/table[@id="46"]/header/row[@id="47"]/cell[@id="48"]/label[@id="49"]/method[@name="onCreate"])
	at org.eclipse.birt.report.engine.javascript.JavascriptEngine.evaluate(JavascriptEngine.java:290)
	... 107 more
2015-8-10 17:38:19 org.eclipse.birt.report.model.css.StyleSheetLoader semanticWarning
警告: The value "0" of short-hand property "margin" is invalid for CSS2 grammar.
2015-8-10 17:38:19 org.eclipse.birt.report.model.css.StyleSheetLoader semanticWarning
警告: The value "left" for CSS2 property "float" is not supported.
2015-8-10 17:38:19 org.eclipse.birt.report.model.css.StyleSheetLoader semanticWarning
警告: The value "left" for CSS2 property "float" is not supported.
